\BOOKMARK [-1][]{part.1}{I Contexte et Probl\351matiques}{}% 1
\BOOKMARK [0][]{chapter.1}{1 Introduction}{part.1}% 2
\BOOKMARK [1][]{section.1.1}{1.1 Contexte}{chapter.1}% 3
\BOOKMARK [1][]{section.1.2}{1.2 Objectifs de la th\350se}{chapter.1}% 4
\BOOKMARK [1][]{section.1.3}{1.3 L'\351tat de l'art}{chapter.1}% 5
\BOOKMARK [1][]{section.1.4}{1.4 Introduction g\351n\351ral}{chapter.1}% 6
\BOOKMARK [0][]{chapter.2}{2 \311tat de l'art}{part.1}% 7
\BOOKMARK [1][]{section.2.1}{2.1 Langages de mod\351lisation}{chapter.2}% 8
\BOOKMARK [2][]{subsection.2.1.1}{2.1.1 UML}{section.2.1}% 9
\BOOKMARK [3][]{subsubsection.2.1.1.1}{2.1.1.1 \040Diagrammes dynamiques et de comportement d\220UML}{subsection.2.1.1}% 10
\BOOKMARK [2][]{subsection.2.1.2}{2.1.2 SYSML}{section.2.1}% 11
\BOOKMARK [2][]{subsection.2.1.3}{2.1.3 Automates}{section.2.1}% 12
\BOOKMARK [2][]{subsection.2.1.4}{2.1.4 Autres}{section.2.1}% 13
\BOOKMARK [1][]{section.2.2}{2.2 Ing\351nierie deriger par les mod\350les}{chapter.2}% 14
\BOOKMARK [2][]{subsection.2.2.1}{2.2.1 D\351fintions}{section.2.2}% 15
\BOOKMARK [2][]{subsection.2.2.2}{2.2.2 m2m}{section.2.2}% 16
\BOOKMARK [2][]{subsection.2.2.3}{2.2.3 m2t}{section.2.2}% 17
\BOOKMARK [1][]{section.2.3}{2.3 v\351rification et validation}{chapter.2}% 18
\BOOKMARK [2][]{subsection.2.3.1}{2.3.1 test et simulation}{section.2.3}% 19
\BOOKMARK [2][]{subsection.2.3.2}{2.3.2 m\351thodes formelles}{section.2.3}% 20
\BOOKMARK [3][]{subsubsection.2.3.2.1}{2.3.2.1 model cheking}{subsection.2.3.2}% 21
\BOOKMARK [3][]{subsubsection.2.3.2.2}{2.3.2.2 theorm proving}{subsection.2.3.2}% 22
\BOOKMARK [0][]{chapter.3}{3 vers une v\351rification formelle des mod\350les SYSML}{part.1}% 23
\BOOKMARK [0][]{chapter.4}{4 Sysml2ta : }{part.1}% 24
\BOOKMARK [1][]{subsection.4.0.1}{4.0.1 de Sysml vers UPPAAL}{chapter.4}% 25
\BOOKMARK [2][]{subsection.4.0.2}{4.0.2 Algorithmes d\351velopper}{subsection.4.0.1}% 26
\BOOKMARK [2][]{subsection.4.0.3}{4.0.3 \311tude de cas}{subsection.4.0.1}% 27
\BOOKMARK [0][]{chapter.5}{5 Conclusion}{part.1}% 28
